<?xml version='1.0' encoding='UTF-8' ?>
<testsuite errors="0" failures="0" hostname="dapimac" name="BrandyMintUnitTests" tests="1" time="0.0" timestamp="2013-03-21 13:50:21 +0400"><testcase classname='BrandyMintUnitTests' name='testExample' time='0.0' />
</testsuite>
